{
  "RSpec": {
    "coverage": {
      "/data/workspace/ce_blog/instance_store/spec/instance_store/error_spec.rb": {
        "lines": [
          null,
          null,
          1,
          null,
          1,
          4,
          null,
          1,
          3,
          6,
          null,
          null,
          null,
          null,
          null,
          null,
          1,
          2,
          null,
          1,
          null,
          null,
          null,
          null,
          1,
          2,
          null,
          1,
          null,
          null,
          null,
          null,
          1,
          2,
          null,
          1,
          null,
          null,
          null,
          null
        ]
      },
      "/data/workspace/ce_blog/instance_store/spec/instance_store/instantiator_spec.rb": {
        "lines": [
          null,
          null,
          1,
          1,
          1,
          null,
          1,
          11,
          null,
          1,
          1,
          1,
          1,
          1,
          null,
          null,
          1,
          1,
          null,
          null,
          null,
          null,
          null,
          1,
          null,
          null,
          null,
          null,
          null,
          null,
          null,
          null,
          1,
          1,
          6,
          6,
          6,
          null,
          null,
          1,
          1,
          2,
          null,
          null,
          null,
          null,
          1,
          5,
          4,
          null,
          1,
          1,
          null,
          null,
          null,
          null,
          null,
          null,
          null,
          1,
          1,
          null,
          null,
          null,
          null,
          null,
          null,
          null,
          1,
          1,
          null,
          null,
          null,
          1,
          1,
          null,
          null,
          1,
          1,
          null,
          null,
          null,
          1,
          1,
          null,
          null,
          null,
          null,
          null,
          1,
          1,
          1,
          null,
          null,
          null,
          null,
          null,
          null,
          null,
          null,
          null,
          null,
          null,
          1,
          1,
          null,
          null,
          null,
          null,
          null,
          null,
          null,
          null,
          1,
          1,
          2,
          null,
          null,
          null,
          null,
          1,
          1,
          2,
          null,
          null,
          null,
          null
        ]
      },
      "/data/workspace/ce_blog/instance_store/spec/support/mock/test_a.rb": {
        "lines": [
          null,
          null,
          1,
          1,
          1,
          null,
          1,
          15,
          15,
          15,
          null,
          null,
          1,
          null,
          10,
          null,
          null,
          null,
          null,
          null,
          null
        ]
      },
      "/data/workspace/ce_blog/instance_store/spec/support/mock/test_b.rb": {
        "lines": [
          null,
          null,
          1,
          1,
          1,
          null,
          1,
          7,
          7,
          7,
          null,
          null,
          1,
          null,
          1,
          null,
          null,
          null,
          null,
          null,
          null
        ]
      }
    },
    "timestamp": 1601217247
  }
}
